java/lang/Object
java/io/Serializable
java/lang/Comparable
java/lang/CharSequence
java/lang/String
java/lang/reflect/AnnotatedElement
java/lang/reflect/GenericDeclaration
java/lang/reflect/Type
java/lang/Class
java/lang/Cloneable
java/lang/ClassLoader
java/lang/System
java/lang/Throwable
java/lang/Error
java/lang/ThreadDeath
java/lang/Exception
java/lang/RuntimeException
java/lang/SecurityManager
java/security/ProtectionDomain
java/security/AccessControlContext
java/security/SecureClassLoader
java/lang/ReflectiveOperationException
java/lang/ClassNotFoundException
java/lang/LinkageError
java/lang/NoClassDefFoundError
java/lang/ClassCastException
java/lang/ArrayStoreException
java/lang/VirtualMachineError
java/lang/OutOfMemoryError
java/lang/StackOverflowError
java/lang/IllegalMonitorStateException
java/lang/ref/Reference
java/lang/ref/SoftReference
java/lang/ref/WeakReference
java/lang/ref/FinalReference
java/lang/ref/PhantomReference
java/lang/ref/Finalizer
java/lang/Runnable
java/lang/Thread
java/lang/Thread$UncaughtExceptionHandler
java/lang/ThreadGroup
java/util/Dictionary
java/util/Map
java/util/Hashtable
java/util/Properties
java/lang/Module
java/lang/reflect/AccessibleObject
java/lang/reflect/Member
java/lang/reflect/Field
java/lang/reflect/Parameter
java/lang/reflect/Executable
java/lang/reflect/Method
java/lang/reflect/Constructor
jdk/internal/reflect/MagicAccessorImpl
jdk/internal/reflect/MethodAccessor
jdk/internal/reflect/MethodAccessorImpl
jdk/internal/reflect/ConstructorAccessor
jdk/internal/reflect/ConstructorAccessorImpl
jdk/internal/reflect/DelegatingClassLoader
jdk/internal/reflect/ConstantPool
jdk/internal/reflect/FieldAccessor
jdk/internal/reflect/FieldAccessorImpl
jdk/internal/reflect/UnsafeFieldAccessorImpl
jdk/internal/reflect/UnsafeStaticFieldAccessorImpl
java/lang/annotation/Annotation
jdk/internal/reflect/CallerSensitive
java/lang/invoke/MethodHandle
java/lang/invoke/DirectMethodHandle
java/lang/invoke/VarHandle
java/lang/invoke/MemberName
java/lang/invoke/ResolvedMethodName
java/lang/invoke/MethodHandleNatives
java/lang/invoke/LambdaForm
java/lang/invoke/MethodType
java/lang/BootstrapMethodError
java/lang/invoke/CallSite
java/lang/invoke/MethodHandleNatives$CallSiteContext
java/lang/invoke/ConstantCallSite
java/lang/invoke/MutableCallSite
java/lang/invoke/VolatileCallSite
java/lang/AssertionStatusDirectives
java/lang/Appendable
java/lang/AbstractStringBuilder
java/lang/StringBuffer
java/lang/StringBuilder
jdk/internal/misc/Unsafe
jdk/internal/module/Modules
java/lang/AutoCloseable
java/io/Closeable
java/io/InputStream
java/io/ByteArrayInputStream
java/net/URL
java/util/jar/Manifest
jdk/internal/loader/ClassLoaders
jdk/internal/loader/BuiltinClassLoader
jdk/internal/loader/ClassLoaders$AppClassLoader
jdk/internal/loader/ClassLoaders$PlatformClassLoader
java/security/CodeSource
java/lang/StackTraceElement
java/nio/Buffer
java/lang/StackWalker
java/lang/StackStreamFactory$AbstractStackWalker
java/lang/StackWalker$StackFrame
java/lang/StackFrameInfo
java/lang/LiveStackFrame
java/lang/LiveStackFrameInfo
java/util/concurrent/locks/AbstractOwnableSynchronizer
java/lang/Boolean
java/lang/Character
java/lang/Number
java/lang/Float
java/lang/Double
java/lang/Byte
java/lang/Short
java/lang/Integer
java/lang/Long
java/lang/NullPointerException
java/lang/ArithmeticException
java/io/ObjectStreamField
java/util/Comparator
java/lang/String$CaseInsensitiveComparator
java/security/AccessController
java/lang/Iterable
java/util/Collection
java/util/Set
java/util/AbstractCollection
java/util/ImmutableCollections$AbstractImmutableCollection
java/util/ImmutableCollections$AbstractImmutableSet
java/util/ImmutableCollections$Set12
java/util/Objects
java/security/PrivilegedAction
jdk/internal/reflect/ReflectionFactory$GetReflectionFactoryAction
java/security/cert/Certificate
java/util/AbstractSet
java/util/HashSet
java/util/AbstractMap
java/util/HashMap
java/util/concurrent/ConcurrentMap
java/util/concurrent/ConcurrentHashMap
java/lang/Runtime
java/util/concurrent/locks/Lock
java/util/concurrent/locks/ReentrantLock
java/util/concurrent/ConcurrentHashMap$Segment
java/util/concurrent/ConcurrentHashMap$CounterCell
java/util/Map$Entry
java/util/concurrent/ConcurrentHashMap$Node
java/util/concurrent/locks/LockSupport
java/util/concurrent/ConcurrentHashMap$ReservationNode
jdk/internal/reflect/ReflectionFactory
java/lang/ref/Reference$ReferenceHandler
jdk/internal/ref/Cleaner
java/lang/ref/ReferenceQueue
java/lang/ref/ReferenceQueue$Null
java/lang/ref/ReferenceQueue$Lock
jdk/internal/misc/JavaLangRefAccess
java/lang/ref/Reference$1
jdk/internal/misc/SharedSecrets
java/lang/ref/Finalizer$FinalizerThread
jdk/internal/misc/VM
java/lang/StringLatin1
java/util/Properties$EntrySet
java/util/concurrent/ConcurrentHashMap$CollectionView
java/util/concurrent/ConcurrentHashMap$EntrySetView
java/util/Collections
java/util/Collections$EmptySet
java/util/List
java/util/AbstractList
java/util/RandomAccess
java/util/Collections$EmptyList
java/util/Collections$EmptyMap
java/util/Collections$SynchronizedCollection
java/util/Collections$SynchronizedSet
java/lang/reflect/Array
java/util/concurrent/ConcurrentHashMap$Traverser
java/util/concurrent/ConcurrentHashMap$BaseIterator
java/util/Iterator
java/util/concurrent/ConcurrentHashMap$EntryIterator
java/util/concurrent/ConcurrentHashMap$MapEntry
java/util/ImmutableCollections$AbstractImmutableMap
java/util/ImmutableCollections$MapN
java/lang/Math
jdk/internal/util/StaticProperty
java/lang/VersionProps
java/io/FileInputStream
java/io/FileDescriptor
jdk/internal/misc/JavaIOFileDescriptorAccess
java/io/FileDescriptor$1
java/io/Flushable
java/io/OutputStream
java/io/FileOutputStream
java/io/FilterInputStream
java/io/BufferedInputStream
java/io/FilterOutputStream
java/io/PrintStream
java/io/BufferedOutputStream
java/io/Writer
java/io/OutputStreamWriter
sun/nio/cs/StreamEncoder
java/nio/charset/Charset
java/nio/charset/spi/CharsetProvider
sun/nio/cs/StandardCharsets
java/lang/ThreadLocal
java/util/concurrent/atomic/AtomicInteger
sun/security/action/GetPropertyAction
sun/nio/cs/HistoricallyNamedCharset
sun/nio/cs/Unicode
sun/nio/cs/UTF_8
java/nio/charset/CharsetEncoder
sun/nio/cs/UTF_8$Encoder
java/nio/charset/CodingErrorAction
java/util/Arrays
java/nio/ByteBuffer
jdk/internal/misc/JavaNioAccess
java/nio/Buffer$1
java/nio/HeapByteBuffer
java/nio/ByteOrder
java/io/BufferedWriter
java/lang/Terminator
jdk/internal/misc/Signal$Handler
java/lang/Terminator$1
jdk/internal/misc/Signal
java/util/Hashtable$Entry
jdk/internal/misc/Signal$NativeHandler
java/lang/Integer$IntegerCache
jdk/internal/misc/OSEnvironment
jdk/internal/misc/JavaLangAccess
java/lang/System$2
java/io/File
java/io/DefaultFileSystem
java/io/FileSystem
java/io/UnixFileSystem
java/io/ExpiringCache
java/util/LinkedHashMap
java/io/ExpiringCache$1
java/lang/IllegalArgumentException
java/lang/invoke/MethodHandleStatics
java/lang/CharacterData
java/lang/CharacterDataLatin1
jdk/internal/module/ModuleBootstrap
java/lang/module/ModuleDescriptor
jdk/internal/misc/JavaLangModuleAccess
java/lang/module/ModuleDescriptor$1
java/util/ImmutableCollections
jdk/internal/module/ModulePatcher
java/util/ImmutableCollections$SetN
jdk/internal/module/ArchivedModuleGraph
jdk/internal/module/SystemModules
jdk/internal/module/SystemModules$default
java/lang/module/ModuleFinder
jdk/internal/module/SystemModuleFinders$SystemModuleFinder
java/lang/module/ModuleReference
jdk/internal/module/ModuleReferenceImpl
java/lang/module/ModuleDescriptor$Version
java/util/ArrayList
java/lang/module/ModuleDescriptor$Requires
java/lang/Enum
java/lang/module/ModuleDescriptor$Requires$Modifier
java/lang/module/ModuleDescriptor$Exports
java/lang/module/ModuleDescriptor$Provides
java/util/ImmutableCollections$AbstractImmutableList
java/util/ImmutableCollections$ListN
java/net/URI
jdk/internal/misc/JavaNetUriAccess
java/net/URI$1
java/util/function/Supplier
jdk/internal/module/SystemModuleFinders$2
jdk/internal/module/ModuleHashes$HashSupplier
jdk/internal/module/SystemModuleFinders$3
java/util/ImmutableCollections$List12
jdk/internal/module/ModuleTarget
jdk/internal/module/ModuleHashes
java/util/Collections$UnmodifiableMap
java/util/HashMap$Node
java/lang/module/ModuleDescriptor$Opens
java/lang/module/Configuration
java/lang/module/ResolvedModule
jdk/internal/module/ModuleBootstrap$Counters
java/util/Optional
jdk/internal/loader/BootLoader
jdk/internal/module/ServicesCatalog
jdk/internal/loader/AbstractClassLoaderValue
jdk/internal/loader/ClassLoaderValue
jdk/internal/loader/ClassLoaders$BootClassLoader
jdk/internal/reflect/Reflection
java/util/LinkedHashMap$Entry
java/util/HashMap$TreeNode
java/lang/ClassLoader$ParallelLoaders
java/util/WeakHashMap
java/util/WeakHashMap$Entry
java/util/Collections$SetFromMap
java/util/WeakHashMap$KeySet
jdk/internal/loader/URLClassPath
java/net/URLStreamHandlerFactory
java/net/URL$DefaultFactory
jdk/internal/misc/JavaNetURLAccess
java/net/URL$3
java/io/File$PathStatus
java/io/ExpiringCache$Entry
sun/net/www/ParseUtil
java/net/URLStreamHandler
sun/net/www/protocol/file/Handler
java/lang/Class$ReflectionData
java/lang/Class$Atomic
java/lang/reflect/Modifier
jdk/internal/reflect/LangReflectAccess
java/lang/reflect/ReflectAccess
java/lang/Class$1
jdk/internal/reflect/NativeConstructorAccessorImpl
jdk/internal/reflect/DelegatingConstructorAccessorImpl
sun/net/util/IPAddressUtil
java/util/Queue
java/util/Deque
java/util/ArrayDeque
jdk/internal/util/Preconditions
java/util/Vector
jdk/internal/misc/JavaSecurityAccess
java/security/ProtectionDomain$JavaSecurityAccessImpl
java/security/ProtectionDomain$Key
java/security/Principal
jdk/internal/loader/BuiltinClassLoader$LoadedModule
sun/net/www/protocol/jrt/Handler
java/util/ImmutableCollections$SetN$SetNIterator
jdk/internal/module/ModuleLoaderMap
java/util/function/Function
jdk/internal/module/ModuleLoaderMap$Mapper
java/util/ImmutableCollections$Set12$1
java/util/concurrent/ConcurrentHashMap$ForwardingNode
java/lang/ModuleLayer
java/util/ListIterator
java/util/ImmutableCollections$ListItr
java/util/ArrayList$Itr
java/util/Collections$UnmodifiableCollection
java/util/Collections$UnmodifiableSet
java/util/Collections$UnmodifiableCollection$1
java/util/concurrent/CopyOnWriteArrayList
jdk/internal/module/ServicesCatalog$ServiceProvider
java/util/HashMap$KeySet
java/util/HashMap$HashIterator
java/util/HashMap$KeyIterator
java/lang/ModuleLayer$Controller
jdk/internal/module/IllegalAccessLogger$Mode
jdk/internal/module/IllegalAccessLogger$Builder
java/util/KeyValueHolder
java/util/HashMap$Values
java/util/HashMap$ValueIterator
jdk/internal/module/ModuleBootstrap$2
java/util/HashMap$EntrySet
java/util/HashMap$EntryIterator
jdk/internal/module/IllegalAccessLogger
sun/launcher/LauncherHelper
java/lang/StringCoding
sun/nio/cs/ISO_8859_1
sun/nio/cs/US_ASCII
java/lang/StringCoding$1
java/lang/ThreadLocal$ThreadLocalMap
java/lang/ThreadLocal$ThreadLocalMap$Entry
jdk/internal/misc/TerminatingThreadLocal
java/lang/StringCoding$Result
java/util/zip/ZipConstants
java/util/zip/ZipFile
java/util/jar/JarFile
jdk/internal/misc/JavaUtilZipFileAccess
java/util/zip/ZipFile$1
jdk/internal/misc/JavaUtilJarAccess
java/util/jar/JavaUtilJarAccessImpl
java/lang/Runtime$Version
java/nio/charset/StandardCharsets
sun/nio/cs/UTF_16BE
sun/nio/cs/UTF_16LE
sun/nio/cs/UTF_16
java/util/zip/ZipCoder
java/util/zip/ZipCoder$UTF8
java/util/zip/ZipFile$CleanableResource
jdk/internal/ref/CleanerFactory
java/util/concurrent/ThreadFactory
jdk/internal/ref/CleanerFactory$1
java/lang/ref/Cleaner
java/lang/ref/Cleaner$1
jdk/internal/ref/CleanerImpl
java/lang/ref/Cleaner$Cleanable
jdk/internal/ref/PhantomCleanable
jdk/internal/ref/CleanerImpl$PhantomCleanableRef
jdk/internal/ref/WeakCleanable
jdk/internal/ref/CleanerImpl$WeakCleanableRef
jdk/internal/ref/SoftCleanable
jdk/internal/ref/CleanerImpl$SoftCleanableRef
jdk/internal/ref/CleanerImpl$CleanerCleanable
jdk/internal/ref/CleanerFactory$1$1
jdk/internal/misc/InnocuousThread
jdk/internal/misc/InnocuousThread$3
jdk/internal/misc/InnocuousThread$2
java/util/zip/ZipFile$Source
java/util/zip/ZipFile$Source$Key
java/nio/file/FileSystems
java/nio/file/FileSystems$DefaultFileSystemHolder
java/nio/file/FileSystems$DefaultFileSystemHolder$1
sun/nio/fs/DefaultFileSystemProvider
java/nio/file/spi/FileSystemProvider
sun/nio/fs/AbstractFileSystemProvider
sun/nio/fs/UnixFileSystemProvider
sun/nio/fs/LinuxFileSystemProvider
java/nio/file/OpenOption
java/nio/file/StandardOpenOption
java/nio/file/FileSystem
sun/nio/fs/UnixFileSystem
sun/nio/fs/LinuxFileSystem
java/nio/file/Watchable
java/nio/file/Path
sun/nio/fs/UnixPath
sun/nio/fs/Util
sun/nio/fs/UnixNativeDispatcher
sun/nio/fs/UnixNativeDispatcher$1
java/lang/ClassLoader$2
java/lang/ClassLoader$NativeLibrary
java/util/ArrayDeque$DeqIterator
java/util/concurrent/ConcurrentHashMap$ValuesView
java/util/Enumeration
java/util/concurrent/ConcurrentHashMap$ValueIterator
java/nio/file/attribute/BasicFileAttributes
java/nio/file/attribute/PosixFileAttributes
sun/nio/fs/UnixFileAttributes
sun/nio/fs/UnixFileStoreAttributes
sun/nio/fs/UnixMountEntry
java/lang/Readable
java/nio/CharBuffer
java/nio/HeapCharBuffer
java/nio/charset/CoderResult
java/net/URI$Parser
java/nio/file/CopyOption
java/nio/file/LinkOption
java/nio/file/Files
java/nio/file/attribute/DosFileAttributes
java/nio/file/attribute/AttributeView
java/nio/file/attribute/FileAttributeView
java/nio/file/attribute/BasicFileAttributeView
java/nio/file/attribute/DosFileAttributeView
java/nio/file/attribute/UserDefinedFileAttributeView
sun/nio/fs/UnixFileAttributeViews
sun/nio/fs/DynamicFileAttributeView
sun/nio/fs/AbstractBasicFileAttributeView
sun/nio/fs/UnixFileAttributeViews$Basic
sun/nio/fs/NativeBuffers
sun/nio/fs/NativeBuffers$1
jdk/internal/misc/TerminatingThreadLocal$1
java/util/IdentityHashMap
java/util/IdentityHashMap$KeySet
sun/nio/fs/NativeBuffer
sun/nio/fs/NativeBuffer$Deallocator
sun/nio/fs/UnixFileAttributes$UnixAsBasicFileAttributes
java/util/concurrent/TimeUnit
java/nio/file/attribute/FileTime
java/io/DataOutput
java/io/DataInput
java/io/RandomAccessFile
jdk/internal/misc/JavaIORandomAccessFileAccess
java/io/RandomAccessFile$2
java/util/concurrent/atomic/AtomicBoolean
java/lang/invoke/MethodHandles
java/lang/invoke/MemberName$Factory
java/security/Guard
java/security/Permission
java/security/BasicPermission
java/lang/reflect/ReflectPermission
java/lang/invoke/MethodHandles$Lookup
sun/invoke/util/VerifyAccess
java/lang/NoSuchFieldException
java/lang/invoke/VarHandles
java/lang/invoke/VarHandleInts$FieldInstanceReadOnly
java/lang/invoke/VarHandleInts$FieldInstanceReadWrite
java/lang/invoke/VarHandle$1
java/util/function/BiFunction
jdk/internal/util/Preconditions$1
java/lang/invoke/VarHandleGuards
java/lang/invoke/VarForm
java/lang/invoke/VarHandle$AccessType
java/lang/Void
java/lang/invoke/VarHandle$AccessMode
java/lang/invoke/MethodType$ConcurrentWeakInternSet
java/lang/invoke/MethodType$ConcurrentWeakInternSet$WeakEntry
java/lang/invoke/MethodTypeForm
sun/invoke/util/Wrapper
sun/invoke/util/Wrapper$Format
java/io/FileCleanable
java/util/zip/ZipFile$Source$End
java/util/zip/ZipUtils
jdk/internal/perf/PerfCounter
jdk/internal/perf/Perf$GetPerfAction
jdk/internal/perf/Perf
jdk/internal/perf/PerfCounter$CoreCounters
sun/nio/ch/DirectBuffer
java/nio/MappedByteBuffer
java/nio/DirectByteBuffer
java/nio/Bits
java/util/concurrent/atomic/AtomicLong
jdk/internal/misc/JavaNioAccess$BufferPool
java/nio/Bits$1
java/nio/LongBuffer
java/nio/DirectLongBufferU
java/util/jar/JarFile$1
java/util/zip/ZipEntry
java/util/jar/JarEntry
java/util/jar/JarFile$JarFileEntry
java/util/zip/ZipFile$ZipFileInputStream
java/util/zip/InflaterInputStream
java/util/zip/ZipFile$ZipFileInflaterInputStream
java/util/zip/Inflater
java/util/zip/Inflater$InflaterZStreamRef
java/util/zip/ZipFile$InflaterCleanupAction
java/util/jar/JarVerifier
sun/security/util/Debug
java/security/CodeSigner
java/io/ByteArrayOutputStream
java/util/jar/Attributes
java/util/jar/Manifest$FastInputStream
sun/util/PreHashedMap
sun/nio/cs/StandardCharsets$Aliases
sun/nio/cs/StandardCharsets$Cache
java/util/jar/Attributes$Name
java/lang/invoke/VarHandle$AccessDescriptor
java/io/RandomAccessFile$1
sun/net/util/URLUtil
java/util/Locale
sun/util/locale/LocaleObjectCache
java/util/Locale$Cache
sun/util/locale/BaseLocale
sun/util/locale/BaseLocale$Cache
sun/util/locale/BaseLocale$Key
sun/util/locale/LocaleObjectCache$CacheEntry
sun/util/locale/LocaleUtils
sun/util/locale/InternalLocaleBuilder
sun/util/locale/InternalLocaleBuilder$CaseInsensitiveChar
java/security/PrivilegedExceptionAction
jdk/internal/loader/URLClassPath$3
jdk/internal/loader/URLClassPath$Loader
jdk/internal/loader/URLClassPath$JarLoader
sun/net/www/protocol/jar/Handler
jdk/internal/loader/URLClassPath$JarLoader$1
jdk/internal/loader/FileURLMapper
jdk/internal/util/jar/JarIndex
jdk/internal/loader/Resource
jdk/internal/loader/URLClassPath$JarLoader$2
java/lang/NamedPackage
java/lang/Package
java/lang/Package$VersionInfo
sun/nio/ByteBuffered
java/security/SecureClassLoader$CodeSourceKey
java/security/SecureClassLoader$1
java/security/PermissionCollection
sun/security/util/LazyCodeSourcePermissionCollection
java/security/Permissions
java/lang/RuntimePermission
java/security/Permissions$1
java/security/BasicPermissionCollection
java/security/AllPermission
java/security/UnresolvedPermission
java/security/SecureClassLoader$DebugHolder
org/springframework/boot/loader/JarLauncher
org/springframework/boot/loader/ExecutableArchiveLauncher
org/springframework/boot/loader/Launcher
org/springframework/boot/loader/LaunchedURLClassLoader
java/net/URLClassLoader
java/lang/IllegalStateException
org/springframework/boot/loader/archive/Archive
java/lang/PublicMethods$MethodList
java/lang/PublicMethods$Key
java/lang/invoke/LambdaMetafactory
java/lang/invoke/LambdaForm$NamedFunction
java/lang/invoke/DirectMethodHandle$Holder
sun/invoke/util/ValueConversions
java/lang/invoke/MethodHandleImpl
java/lang/invoke/Invokers
java/lang/invoke/LambdaForm$Kind
java/lang/NoSuchMethodException
java/lang/invoke/LambdaForm$BasicType
java/lang/invoke/LambdaForm$Name
java/lang/invoke/LambdaForm$Holder
java/lang/invoke/MethodHandleImpl$Intrinsic
java/lang/invoke/InvokerBytecodeGenerator
java/lang/invoke/InvokerBytecodeGenerator$2
org/springframework/boot/loader/archive/Archive$Entry
java/lang/IncompatibleClassChangeError
java/lang/NoSuchMethodError
jdk/internal/org/objectweb/asm/ClassVisitor
jdk/internal/org/objectweb/asm/ClassWriter
jdk/internal/org/objectweb/asm/ByteVector
jdk/internal/org/objectweb/asm/Item
sun/invoke/util/BytecodeDescriptor
jdk/internal/org/objectweb/asm/MethodVisitor
jdk/internal/org/objectweb/asm/MethodWriter
jdk/internal/org/objectweb/asm/Type
jdk/internal/org/objectweb/asm/Label
jdk/internal/org/objectweb/asm/Frame
jdk/internal/org/objectweb/asm/AnnotationVisitor
jdk/internal/org/objectweb/asm/AnnotationWriter
java/lang/invoke/InvokerBytecodeGenerator$CpPatch
sun/invoke/util/VerifyType
sun/invoke/empty/Empty
sun/reflect/misc/ReflectUtil
org/springframework/boot/loader/archive/Archive$EntryFilter
java/lang/invoke/BootstrapMethodInvoker
java/lang/invoke/Invokers$Holder
jdk/internal/misc/JavaLangInvokeAccess
java/lang/invoke/MethodHandleImpl$1
java/lang/invoke/AbstractValidatingLambdaMetafactory
java/lang/invoke/InnerClassLambdaMetafactory
sun/security/action/GetBooleanAction
java/lang/invoke/MethodHandleInfo
java/lang/invoke/InfoFromMemberName
java/lang/invoke/TypeConvertingMethodAdapter
java/lang/invoke/InnerClassLambdaMetafactory$ForwardingMethodGenerator
java/lang/invoke/InnerClassLambdaMetafactory$1
java/lang/invoke/BoundMethodHandle
java/lang/invoke/ClassSpecializer
java/lang/invoke/BoundMethodHandle$Specializer
java/lang/invoke/ClassSpecializer$1
java/lang/invoke/ClassSpecializer$SpeciesData
java/lang/invoke/BoundMethodHandle$SpeciesData
java/util/ImmutableCollections$SubList
java/lang/invoke/ClassSpecializer$Factory
java/lang/invoke/BoundMethodHandle$Specializer$Factory
java/lang/invoke/SimpleMethodHandle
java/lang/invoke/BoundMethodHandle$Species_L
java/lang/invoke/DirectMethodHandle$1
java/lang/invoke/DirectMethodHandle$Accessor
sun/invoke/util/Wrapper$1
java/lang/invoke/DelegatingMethodHandle
java/lang/invoke/MethodHandleImpl$IntrinsicMethodHandle
java/lang/invoke/DelegatingMethodHandle$Holder
java/lang/invoke/LambdaFormEditor
java/lang/invoke/LambdaFormEditor$Transform
java/lang/invoke/LambdaFormBuffer
org/springframework/boot/loader/archive/JarFileArchive
org/springframework/boot/loader/jar/JarFile
org/springframework/boot/loader/jar/AbstractJarFile
org/springframework/boot/loader/jar/CentralDirectoryVisitor
org/springframework/boot/loader/data/RandomAccessData
org/springframework/boot/loader/jar/FileHeader
java/io/IOException
org/springframework/boot/loader/jar/JarEntry
java/io/FilePermission
org/springframework/boot/loader/jar/Handler
org/springframework/boot/loader/jar/AsciiBytes
java/lang/IndexOutOfBoundsException
org/springframework/boot/loader/data/RandomAccessDataFile
java/io/EOFException
org/springframework/boot/loader/data/RandomAccessDataFile$DataInputStream
org/springframework/boot/loader/data/RandomAccessDataFile$FileAccess
java/io/FileNotFoundException
org/springframework/boot/loader/jar/AbstractJarFile$JarFileType
java/util/stream/BaseStream
java/util/stream/Stream
java/net/MalformedURLException
java/util/zip/ZipFile$CleanableResource$FinalizableResource
sun/nio/fs/UnixFileKey
org/springframework/boot/loader/jar/CentralDirectoryParser
org/springframework/boot/loader/jar/JarFileEntries
org/springframework/boot/loader/jar/ZipInflaterInputStream
java/lang/Process
jdk/internal/org/objectweb/asm/FieldVisitor
jdk/internal/org/objectweb/asm/FieldWriter
sun/reflect/annotation/AnnotationParser
jdk/internal/reflect/NativeMethodAccessorImpl
jdk/internal/reflect/DelegatingMethodAccessorImpl
sun/reflect/generics/parser/SignatureParser
sun/reflect/generics/tree/TypeArgument
sun/reflect/generics/tree/TypeTree
sun/reflect/generics/tree/Tree
sun/reflect/generics/tree/SimpleClassTypeSignature
sun/reflect/generics/tree/FieldTypeSignature
sun/reflect/generics/tree/BaseType
sun/reflect/generics/tree/TypeSignature
sun/reflect/generics/tree/ReturnType
sun/reflect/generics/tree/ClassTypeSignature
sun/reflect/generics/scope/ClassScope
sun/reflect/generics/scope/Scope
sun/reflect/generics/scope/AbstractScope
sun/reflect/generics/factory/CoreReflectionFactory
sun/reflect/generics/factory/GenericsFactory
sun/reflect/generics/visitor/Reifier
sun/reflect/generics/visitor/TypeTreeVisitor
java/lang/Deprecated
java/lang/reflect/GenericArrayType
sun/reflect/annotation/AnnotationType
sun/reflect/annotation/AnnotationType$1
sun/reflect/annotation/ExceptionProxy
java/lang/annotation/Retention
java/lang/annotation/Inherited
java/lang/annotation/Documented
java/lang/annotation/RetentionPolicy
java/lang/Class$3
sun/reflect/annotation/AnnotationTypeMismatchExceptionProxy
sun/reflect/annotation/AnnotationParser$1
sun/reflect/annotation/AnnotationInvocationHandler
java/lang/reflect/InvocationHandler
java/lang/reflect/Proxy
jdk/internal/loader/AbstractClassLoaderValue$Sub
jdk/internal/loader/AbstractClassLoaderValue$Memoizer
java/lang/reflect/Proxy$ProxyBuilder
java/util/Collections$SingletonList
java/util/Collections$1
java/lang/PublicMethods
java/util/LinkedHashMap$LinkedValues
java/util/LinkedHashMap$LinkedValueIterator
java/util/LinkedHashMap$LinkedHashIterator
java/lang/reflect/ProxyGenerator
java/lang/InterruptedException
java/lang/reflect/ProxyGenerator$ConstantPool
java/lang/reflect/ProxyGenerator$ProxyMethod
java/lang/reflect/ProxyGenerator$MethodInfo
java/lang/reflect/ProxyGenerator$ConstantPool$ValueEntry
java/lang/reflect/ProxyGenerator$ConstantPool$Entry
java/io/DataOutputStream
java/lang/reflect/ProxyGenerator$ConstantPool$IndirectEntry
java/lang/reflect/ProxyGenerator$FieldInfo
java/lang/reflect/ProxyGenerator$PrimitiveTypeInfo
java/lang/reflect/ProxyGenerator$ExceptionTableEntry
java/lang/reflect/Proxy$ProxyBuilder$1
java/lang/annotation/Target
org/springframework/boot/loader/jar/JarFileEntries$1
java/util/Collections$SynchronizedMap
org/springframework/boot/loader/jar/JarFile$1
org/springframework/boot/loader/jar/CentralDirectoryEndRecord
org/springframework/boot/loader/jar/Bytes
org/springframework/boot/loader/jar/CentralDirectoryFileHeader
java/time/temporal/TemporalUnit
java/lang/invoke/DirectMethodHandle$Special
org/springframework/boot/loader/archive/ExplodedArchive
org/springframework/boot/loader/archive/JarFileArchive$NestedArchiveIterator
org/springframework/boot/loader/archive/JarFileArchive$AbstractIterator
org/springframework/boot/loader/jar/JarFileEntries$EntryIterator
java/util/NoSuchElementException
org/springframework/boot/loader/archive/JarFileArchive$JarFileEntry
java/time/temporal/TemporalField
java/time/temporal/ChronoField
java/time/temporal/ChronoUnit
java/time/temporal/TemporalAmount
java/time/Duration
java/math/BigInteger
java/time/temporal/ValueRange
java/time/ZoneId
java/util/TimeZone
sun/util/calendar/ZoneInfo
sun/util/calendar/ZoneInfoFile
sun/util/calendar/ZoneInfoFile$1
java/io/DataInputStream
java/lang/StringUTF16
java/io/FileInputStream$1
sun/util/calendar/ZoneInfoFile$ZoneOffsetTransitionRule
sun/util/calendar/ZoneInfoFile$Checksum
java/util/zip/CRC32
java/util/zip/Checksum
java/util/zip/Checksum$1
java/time/ZoneRegion
java/time/zone/ZoneRulesProvider
java/time/zone/ZoneRulesProvider$1
java/time/zone/TzdbZoneRulesProvider
java/util/Arrays$ArrayList
java/util/Arrays$ArrayItr
java/util/concurrent/ConcurrentHashMap$KeySetView
java/util/concurrent/ConcurrentHashMap$KeyIterator
java/util/ServiceLoader
java/util/ServiceLoader$ModuleServicesLookupIterator
java/util/Spliterators
java/util/Spliterators$EmptySpliterator
java/util/Spliterator
java/util/Spliterators$EmptySpliterator$OfRef
java/util/Spliterator$OfPrimitive
java/util/Spliterator$OfInt
java/util/Spliterators$EmptySpliterator$OfInt
java/util/Spliterator$OfLong
java/util/Spliterators$EmptySpliterator$OfLong
java/util/Spliterator$OfDouble
java/util/Spliterators$EmptySpliterator$OfDouble
java/util/Spliterators$ArraySpliterator
java/util/stream/StreamSupport
java/util/stream/PipelineHelper
java/util/stream/AbstractPipeline
java/util/stream/ReferencePipeline
java/util/stream/ReferencePipeline$Head
java/util/stream/StreamOpFlag
java/util/stream/StreamOpFlag$Type
java/util/stream/StreamOpFlag$MaskBuilder
java/util/EnumMap
java/util/EnumMap$1
java/util/function/Consumer
java/util/Spliterators$1Adapter
java/lang/Module$ReflectionData
java/lang/WeakPairMap
java/lang/WeakPairMap$Pair
java/lang/WeakPairMap$Pair$Lookup
java/util/ServiceLoader$LazyClassPathLookupIterator
java/util/ServiceLoader$2
java/util/ServiceLoader$3
jdk/internal/module/Resources
jdk/internal/loader/BuiltinClassLoader$2
jdk/internal/loader/BuiltinClassLoader$5
java/lang/module/ModuleReader
jdk/internal/module/SystemModuleFinders$SystemModuleReader
jdk/internal/module/SystemModuleFinders$SystemImage
jdk/internal/jimage/ImageReaderFactory
java/nio/file/Paths
jdk/internal/jimage/ImageReaderFactory$1
jdk/internal/jimage/ImageReader
jdk/internal/jimage/BasicImageReader
jdk/internal/jimage/ImageReader$SharedImageReader
jdk/internal/jimage/BasicImageReader$1
jdk/internal/jimage/NativeImageBuffer
jdk/internal/jimage/NativeImageBuffer$1
jdk/internal/jimage/ImageHeader
java/nio/IntBuffer
java/nio/DirectIntBufferU
java/nio/DirectByteBufferR
java/nio/DirectIntBufferRU
jdk/internal/jimage/ImageStrings
jdk/internal/jimage/ImageStringsReader
jdk/internal/jimage/decompressor/Decompressor
jdk/internal/jimage/ImageLocation
java/util/Collections$EmptyIterator
jdk/internal/loader/URLClassPath$1
jdk/internal/loader/BuiltinClassLoader$1
java/util/Collections$EmptyEnumeration
java/lang/CompoundEnumeration
java/net/URLConnection
org/springframework/boot/loader/jar/JarURLConnection
java/net/JarURLConnection
java/util/regex/Pattern
java/util/regex/Pattern$Node
java/util/regex/Pattern$1
java/util/regex/Pattern$LastNode
java/util/regex/Pattern$GroupHead
java/util/regex/Pattern$SliceNode
java/util/regex/Pattern$Slice
java/util/regex/Pattern$BnM
java/util/regex/Pattern$Start
java/util/regex/Pattern$TreeInfo
java/io/Externalizable
java/time/zone/Ser
java/time/zone/ZoneRules
java/time/zone/ZoneOffsetTransitionRule
java/time/temporal/TemporalAccessor
java/time/temporal/Temporal
java/time/temporal/TemporalAdjuster
java/time/chrono/ChronoLocalDateTime
java/time/LocalDateTime
java/time/ZoneOffset
java/time/zone/ZoneOffsetTransition
java/time/chrono/ChronoLocalDate
java/time/LocalDate
java/time/LocalTime
java/time/chrono/Chronology
java/time/chrono/AbstractChronology
java/time/chrono/IsoChronology
java/time/chrono/ChronoZonedDateTime
java/time/ZonedDateTime
java/time/Instant
org/springframework/boot/loader/jar/JarEntryFilter
org/springframework/boot/loader/jar/StringSequence
java/lang/AssertionError
java/security/PrivilegedActionException
java/net/URLClassLoader$7
jdk/internal/misc/JavaNetURLClassLoaderAccess
org/springframework/boot/loader/MainMethodRunner
org/springframework/boot/loader/jar/JarURLConnection$1
org/springframework/boot/loader/jar/JarFileWrapper
org/springframework/boot/loader/jar/JarURLConnection$JarEntryName
java/io/UnsupportedEncodingException
java/lang/StringIndexOutOfBoundsException
java/net/URLClassLoader$1
jdk/internal/loader/URLClassPath$Loader$1
java/io/FilePermission$1
jdk/internal/misc/JavaIOFilePermissionAccess
sun/security/util/FilePermCompat
sun/security/util/SecurityProperties
java/security/Security
java/security/Security$1
java/util/Properties$LineReader
java/io/FilePermissionCollection
java/io/FilePermissionCollection$1
jdk/internal/loader/BootLoader$PackageHelper
java/lang/InternalError
java/util/EventObject
java/security/AccessControlException
java/lang/SecurityException
java/lang/NoSuchFieldError
java/util/concurrent/LinkedBlockingQueue
java/util/concurrent/BlockingQueue
java/util/AbstractQueue
java/util/concurrent/locks/AbstractQueuedSynchronizer
java/util/concurrent/locks/ReentrantLock$Sync
java/util/concurrent/locks/ReentrantLock$NonfairSync
java/util/concurrent/locks/AbstractQueuedSynchronizer$Node
java/lang/invoke/VarHandleObjects$FieldInstanceReadOnly
java/lang/invoke/VarHandleObjects$FieldInstanceReadWrite
java/util/concurrent/locks/AbstractQueuedSynchronizer$ConditionObject
java/util/concurrent/locks/Condition
java/util/concurrent/LinkedBlockingQueue$Node
java/util/LinkedHashSet
org/springframework/boot/loader/LaunchedURLClassLoader$UseFastConnectionExceptionsEnumeration
java/net/URLClassLoader$3
java/net/URLClassLoader$3$1
java/net/HttpURLConnection
java/util/regex/MatchResult
java/util/regex/Matcher
java/util/regex/IntHashSet
java/util/concurrent/Executor
java/util/concurrent/ExecutorService
java/lang/IllegalAccessException
java/security/Policy
java/security/Policy$UnsupportedEmptyCollection
java/security/Policy$PolicyInfo
java/security/Policy$1
sun/security/provider/PolicyFile
sun/security/provider/PolicyFile$1
sun/security/provider/PolicyFile$PolicyInfo
jdk/internal/misc/JavaSecurityAccess$ProtectionDomainCache
java/security/ProtectionDomain$JavaSecurityAccessImpl$1
sun/security/provider/PolicyFile$2
sun/nio/cs/UTF_8$Decoder
java/nio/charset/CharsetDecoder
java/io/InputStreamReader
java/io/Reader
java/nio/file/attribute/FileAttribute
sun/nio/fs/UnixFileModeAttribute
sun/nio/fs/UnixChannelFactory
sun/nio/fs/UnixChannelFactory$Flags
sun/nio/ch/FileChannelImpl
java/nio/channels/FileChannel
java/nio/channels/SeekableByteChannel
java/nio/channels/ByteChannel
java/nio/channels/ReadableByteChannel
java/nio/channels/Channel
java/nio/channels/WritableByteChannel
java/nio/channels/GatheringByteChannel
java/nio/channels/ScatteringByteChannel
java/nio/channels/spi/AbstractInterruptibleChannel
java/nio/channels/InterruptibleChannel
sun/nio/ch/IOUtil
sun/nio/ch/IOUtil$1
sun/nio/ch/NativeThreadSet
sun/nio/ch/FileDispatcherImpl
sun/nio/ch/FileDispatcher
sun/nio/ch/NativeDispatcher
sun/nio/ch/FileChannelImpl$Closer
java/nio/channels/Channels
sun/nio/ch/ChannelInputStream
sun/nio/cs/StreamDecoder
java/io/BufferedReader
sun/security/provider/PolicyParser
java/io/StreamTokenizer
java/nio/channels/SelectableChannel
sun/nio/ch/NativeThread
sun/nio/ch/Util
sun/nio/ch/Util$1
sun/nio/ch/Util$BufferCache
java/nio/DirectByteBuffer$Deallocator
sun/nio/ch/IOStatus
sun/security/provider/PolicyParser$GrantEntry
java/util/AbstractSequentialList
java/util/LinkedList
sun/security/provider/PolicyParser$PermissionEntry
sun/security/util/PropertyExpander
java/util/Vector$1
sun/security/provider/PolicyFile$PolicyEntry
java/net/SocketPermission
java/util/PropertyPermission
java/net/NetPermission
sun/security/util/SecurityConstants
java/security/SecurityPermission
java/net/URLPermission
java/net/URLPermission$Authority
java/net/HostPortrange
java/util/Arrays$LegacyMergeSort
java/util/ComparableTimSort
java/util/Collections$UnmodifiableList
java/util/Collections$UnmodifiableRandomAccessList
java/util/StringJoiner
sun/security/provider/PolicyFile$4
sun/security/util/PolicyUtil
sun/security/provider/PolicyParser$ParsingException
java/security/GeneralSecurityException
sun/security/provider/PolicyFile$6
sun/security/provider/PolicyFile$8
sun/security/provider/PolicyFile$SelfPermission
java/net/SocketPermissionCollection
java/net/SocketPermissionCollection$1
java/util/PropertyPermissionCollection
java/util/PropertyPermissionCollection$1
java/security/PermissionsEnumerator
java/net/URLClassLoader$2
java/text/Format
java/text/DateFormat
java/text/SimpleDateFormat
java/text/AttributedCharacterIterator$Attribute
java/text/Format$Field
java/text/DateFormat$Field
java/util/Locale$Category
java/util/Locale$1
java/util/Calendar
java/util/spi/LocaleServiceProvider
sun/util/spi/CalendarProvider
sun/util/locale/provider/LocaleProviderAdapter
sun/util/locale/provider/LocaleProviderAdapter$Type
sun/util/locale/provider/ResourceBundleBasedAdapter
sun/util/locale/provider/JRELocaleProviderAdapter
sun/util/locale/provider/FallbackLocaleProviderAdapter
sun/util/locale/provider/LocaleProviderAdapter$NonExistentAdapter
sun/util/locale/LanguageTag
java/util/Collections$SingletonSet
sun/util/locale/provider/LocaleResources
sun/util/resources/LocaleData
java/util/ResourceBundle$Control
java/util/ResourceBundle$Control$CandidateListCache
java/util/ResourceBundle
sun/util/locale/provider/LocaleProviderAdapter$1
sun/util/cldr/CLDRLocaleProviderAdapter
sun/util/locale/provider/LocaleDataMetaInfo
sun/util/cldr/CLDRBaseLocaleDataMetaInfo
sun/util/locale/ParseStatus
sun/util/locale/StringTokenIterator
sun/util/cldr/CLDRLocaleProviderAdapter$1
java/util/concurrent/CopyOnWriteArrayList$COWIterator
jdk/internal/module/ModulePatcher$PatchedModuleReader
sun/util/resources/cldr/provider/CLDRLocaleDataMetaInfo
java/util/ServiceLoader$1
java/util/ServiceLoader$Provider
java/util/ServiceLoader$ProviderImpl
sun/util/locale/provider/AvailableLanguageTags
sun/util/locale/provider/CalendarProviderImpl
java/util/StringTokenizer
java/util/Calendar$Builder
java/util/GregorianCalendar
sun/util/calendar/CalendarSystem
sun/util/calendar/AbstractCalendar
sun/util/calendar/BaseCalendar
sun/util/calendar/Gregorian
sun/util/locale/provider/CalendarDataUtility
java/util/spi/CalendarDataProvider
sun/util/locale/provider/LocaleServiceProviderPool
java/text/spi/BreakIteratorProvider
java/text/spi/CollatorProvider
java/text/spi/DateFormatProvider
java/text/spi/DateFormatSymbolsProvider
java/text/spi/DecimalFormatSymbolsProvider
java/text/spi/NumberFormatProvider
java/util/spi/CurrencyNameProvider
java/util/spi/LocaleNameProvider
java/util/spi/TimeZoneNameProvider
sun/util/locale/provider/LocaleServiceProviderPool$LocalizedObjectGetter
sun/util/locale/provider/CalendarDataUtility$CalendarWeekParameterGetter
java/util/ResourceBundle$SingleFormatControl
java/util/ResourceBundle$NoFallbackControl
java/util/LinkedList$Node
sun/util/locale/provider/CalendarDataProviderImpl
sun/util/cldr/CLDRCalendarDataProviderImpl
sun/util/resources/LocaleData$1
sun/util/resources/Bundles$Strategy
sun/util/resources/LocaleData$LocaleDataStrategy
sun/util/resources/Bundles
sun/util/resources/Bundles$1
jdk/internal/misc/JavaUtilResourceBundleAccess
java/util/ResourceBundle$1
java/util/ResourceBundle$2
sun/util/resources/Bundles$CacheKey
java/util/ListResourceBundle
sun/util/resources/cldr/CalendarData
java/util/ResourceBundle$ResourceBundleProviderHelper
sun/util/resources/Bundles$CacheKeyReference
sun/util/resources/Bundles$BundleReference
sun/util/locale/provider/LocaleResources$ResourceReference
sun/util/calendar/CalendarDate
sun/util/calendar/BaseCalendar$Date
sun/util/calendar/Gregorian$Date
sun/util/calendar/CalendarUtils
java/text/DateFormatSymbols
sun/util/locale/provider/DateFormatSymbolsProviderImpl
sun/util/resources/LocaleData$CommonResourceBundleProvider
sun/util/resources/LocaleData$LocaleDataResourceBundleProvider
java/util/spi/ResourceBundleProvider
sun/text/resources/cldr/FormatData
sun/util/resources/Bundles$2
sun/util/resources/provider/LocaleDataProvider
java/lang/InstantiationException
sun/text/resources/cldr/ext/FormatData_pt
java/text/NumberFormat
sun/util/locale/provider/NumberFormatProviderImpl
java/text/DecimalFormatSymbols
sun/util/locale/provider/DecimalFormatSymbolsProviderImpl
java/text/DecimalFormat
java/text/FieldPosition
java/text/DigitList
java/math/RoundingMode
java/util/Date
java/lang/NumberFormatException
java/lang/IllegalAccessError
java/util/IdentityHashMap$EntrySet
java/util/IdentityHashMap$EntryIterator
java/util/IdentityHashMap$IdentityHashMapIterator
java/util/IdentityHashMap$EntryIterator$Entry
java/util/IdentityHashMap$Values
java/util/IdentityHashMap$ValueIterator
java/net/URISyntaxException
java/nio/file/NoSuchFileException
java/nio/file/FileSystemException
java/util/EnumSet
java/util/RegularEnumSet
java/util/LinkedList$ListItr
java/util/LinkedHashMap$LinkedKeySet
java/util/LinkedHashMap$LinkedKeyIterator
java/lang/reflect/InvocationTargetException
java/util/AbstractMap$1
java/lang/Byte$ByteCache
java/lang/Short$ShortCache
java/lang/Long$LongCache
java/lang/reflect/UndeclaredThrowableException
java/util/EventListener
java/util/TimSort
java/lang/Class$AnnotationData
java/lang/FunctionalInterface
java/lang/TypeNotPresentException
sun/reflect/generics/repository/ClassRepository
sun/reflect/generics/repository/GenericDeclRepository
sun/reflect/generics/repository/AbstractRepository
sun/reflect/generics/tree/FormalTypeParameter
sun/reflect/generics/tree/ClassSignature
sun/reflect/generics/tree/Signature
sun/reflect/generics/tree/TypeVariableSignature
java/lang/reflect/TypeVariable
sun/reflect/generics/reflectiveObjects/TypeVariableImpl
sun/reflect/generics/reflectiveObjects/LazyReflectiveObjectGenerator
java/lang/reflect/ParameterizedType
java/lang/reflect/WildcardType
java/lang/invoke/MethodHandleImpl$AsVarargsCollector
java/lang/ArrayIndexOutOfBoundsException
sun/reflect/generics/reflectiveObjects/ParameterizedTypeImpl
java/util/concurrent/CountDownLatch
java/util/concurrent/CountDownLatch$Sync
java/lang/annotation/ElementType
java/lang/StackTraceElement$HashedModules
java/lang/UnsupportedOperationException
java/util/Collections$UnmodifiableMap$UnmodifiableEntrySet
java/util/LinkedHashMap$LinkedEntrySet
java/util/Collections$UnmodifiableMap$UnmodifiableEntrySet$UnmodifiableEntrySetSpliterator
java/util/Spliterators$IteratorSpliterator
java/util/function/Predicate
java/util/stream/ReferencePipeline$StatelessOp
java/util/stream/ReferencePipeline$2
java/util/stream/StreamShape
java/util/stream/ReferencePipeline$3
java/util/stream/FindOps
java/util/stream/Sink
java/util/stream/TerminalSink
java/util/stream/FindOps$FindSink
java/util/stream/FindOps$FindSink$OfRef
java/util/stream/TerminalOp
java/util/stream/FindOps$FindOp
java/lang/invoke/DirectMethodHandle$Constructor
java/util/stream/Sink$ChainedReference
java/util/stream/ReferencePipeline$3$1
java/util/stream/ReferencePipeline$2$1
java/util/LinkedHashMap$LinkedEntryIterator
java/util/Collections$UnmodifiableMap$UnmodifiableEntrySet$UnmodifiableEntry
java/util/Formatter
java/util/regex/Pattern$CharPredicate
java/util/regex/Pattern$BmpCharPredicate
java/util/regex/Pattern$CharProperty
java/util/regex/Pattern$BmpCharProperty
java/util/regex/Pattern$GroupTail
java/util/regex/CharPredicates
java/util/regex/Pattern$CharPropertyGreedy
java/util/regex/Pattern$BmpCharPropertyGreedy
java/util/regex/Pattern$Ques
java/util/regex/Pattern$Qtype
java/util/regex/Pattern$BranchConn
java/util/regex/Pattern$Branch
java/util/regex/Pattern$BitClass
java/util/regex/Pattern$Begin
java/util/regex/Pattern$First
java/util/regex/ASCII
java/util/Formatter$FormatString
java/util/Formatter$FixedString
java/util/Formatter$FormatSpecifier
java/util/Formatter$Flags
java/util/Formatter$Conversion
java/util/Formattable
java/util/logging/Handler
java/util/logging/LogManager
java/util/logging/Level
java/util/logging/Level$KnownLevel
java/util/logging/LogManager$1
java/util/logging/LogManager$LoggerContext
java/util/logging/LogManager$SystemLoggerContext
java/util/logging/LogManager$LogNode
java/util/logging/LogManager$Cleaner
java/lang/ApplicationShutdownHooks
java/lang/ApplicationShutdownHooks$1
java/lang/Shutdown
java/lang/Shutdown$Lock
java/util/logging/LoggingPermission
sun/util/logging/internal/LoggingProviderImpl$LogManagerAccess
java/util/logging/LogManager$LoggingProviderAccess
java/security/AccessController$1
java/security/AllPermissionCollection
java/lang/System$LoggerFinder
jdk/internal/logger/DefaultLoggerFinder
sun/util/logging/internal/LoggingProviderImpl
java/util/logging/LogManager$2
java/util/logging/Logger
java/util/logging/LogManager$RootLogger
java/util/logging/Logger$LoggerBundle
java/util/logging/Logger$ConfigurationData
java/util/logging/LogManager$LoggerWeakRef
java/lang/invoke/StringConcatFactory
java/lang/invoke/StringConcatFactory$Strategy
java/lang/invoke/StringConcatFactory$1
java/lang/invoke/StringConcatFactory$Mode
java/lang/invoke/StringConcatFactory$Recipe
java/lang/invoke/StringConcatFactory$RecipeElement
java/lang/invoke/StringConcatFactory$MethodHandleInlineCopyStrategy
java/lang/invoke/StringConcatFactory$MethodHandleInlineCopyStrategy$1
java/lang/invoke/StringConcatFactory$MethodHandleInlineCopyStrategy$2
java/lang/invoke/StringConcatFactory$MethodHandleInlineCopyStrategy$3
java/lang/StringConcatHelper
java/lang/invoke/StringConcatFactory$Stringifiers
java/lang/ClassValue
java/lang/invoke/StringConcatFactory$Stringifiers$StringifierMost
java/lang/ClassValue$Entry
java/lang/ClassValue$Identity
java/lang/ClassValue$Version
java/lang/invoke/StringConcatFactory$Stringifiers$StringifierAny
java/lang/ClassValue$ClassValueMap
java/lang/invoke/BoundMethodHandle$Species_LL
java/lang/invoke/BoundMethodHandle$Species_LLL
java/lang/invoke/BoundMethodHandle$Species_LLLL
java/lang/invoke/BoundMethodHandle$Species_LLLLL
java/lang/invoke/BoundMethodHandle$Species_LLLLLL
java/lang/invoke/MethodHandles$1
java/lang/invoke/BoundMethodHandle$Species_LLLLLLI
sun/invoke/util/ValueConversions$WrapperCache
java/lang/invoke/BoundMethodHandle$Species_LLLLLLII
java/lang/invoke/BoundMethodHandle$Species_LLLLLLIIL
java/util/logging/LogManager$VisitedLoggers
java/util/logging/LogManager$LoggerContext$1
java/util/Collections$3
java/util/Hashtable$Enumerator
java/util/ArrayList$ArrayListSpliterator
java/util/stream/ReferencePipeline$7
java/util/stream/ReferencePipeline$7$1
java/util/stream/Streams$AbstractStreamBuilderImpl
java/util/stream/Stream$Builder
java/util/stream/Streams$StreamBuilderImpl
java/util/stream/Streams
java/lang/System$Logger
sun/util/logging/PlatformLogger$Bridge
sun/util/logging/PlatformLogger$ConfigurableBridge
jdk/internal/logger/BootstrapLogger
jdk/internal/logger/BootstrapLogger$DetectBackend
jdk/internal/logger/BootstrapLogger$DetectBackend$1
jdk/internal/logger/BootstrapLogger$LoggingBackend
jdk/internal/logger/BootstrapLogger$RedirectedLoggers
jdk/internal/logger/BootstrapLogger$BootstrapExecutors
java/util/logging/LogManager$4
java/util/logging/StreamHandler
java/util/logging/ConsoleHandler
java/util/logging/Formatter
java/util/logging/SimpleFormatter
sun/util/logging/PlatformLogger$ConfigurableBridge$LoggerConfiguration
jdk/internal/logger/SimpleConsoleLogger
jdk/internal/logger/SurrogateLogger
java/lang/System$Logger$Level
sun/util/logging/PlatformLogger
sun/util/logging/PlatformLogger$Level
jdk/internal/logger/SimpleConsoleLogger$Formatting
java/util/logging/ErrorManager
java/util/logging/Handler$1
java/util/logging/StreamHandler$1
java/util/logging/LogManager$CloseOnReset
java/util/MissingResourceException
javax/naming/NamingException
javax/naming/InitialContext
javax/naming/Context
com/sun/naming/internal/ResourceManager
com/sun/naming/internal/VersionHelper
com/sun/naming/internal/VersionHelper$InputStreamEnumeration
javax/naming/NamingEnumeration
java/lang/invoke/BoundMethodHandle$Species_LLLLLLL
java/lang/invoke/BoundMethodHandle$Species_LLLLLLLL
java/lang/invoke/BoundMethodHandle$Species_LLLLLLLLL
java/lang/invoke/BoundMethodHandle$Species_LLLLLLLLLL
java/lang/invoke/BoundMethodHandle$Species_LLLLLLLLLLL
java/lang/invoke/BoundMethodHandle$Species_LLLLLLLLLLLL
java/lang/invoke/BoundMethodHandle$Species_LLLLLLLLLLLLL
java/lang/invoke/BoundMethodHandle$Species_LLLI
java/lang/invoke/ClassSpecializer$Factory$1Var
java/util/Hashtable$KeySet
javax/naming/spi/NamingManager
javax/naming/NoInitialContextException
java/lang/ProcessEnvironment
java/lang/ProcessEnvironment$Variable
java/lang/ProcessEnvironment$ExternalData
java/lang/ProcessEnvironment$Value
java/lang/ProcessEnvironment$StringEnvironment
sun/reflect/generics/tree/BottomSignature
sun/reflect/generics/tree/Wildcard
sun/reflect/generics/reflectiveObjects/WildcardTypeImpl
java/util/Currency
java/util/UUID
java/math/BigDecimal
java/text/ParseException
java/time/OffsetDateTime
java/time/format/FormatStyle
java/time/format/DateTimeFormatter
java/time/format/DateTimeFormatterBuilder
java/time/temporal/TemporalQuery
java/lang/Character$CharacterCache
java/time/temporal/IsoFields
java/time/temporal/IsoFields$Field
java/time/temporal/IsoFields$Field$1
java/time/temporal/IsoFields$Field$2
java/time/temporal/IsoFields$Field$3
java/time/temporal/IsoFields$Field$4
java/time/temporal/IsoFields$Unit
java/time/temporal/JulianFields
java/time/temporal/JulianFields$Field
java/time/format/DateTimeFormatterBuilder$2
java/time/format/SignStyle
java/time/format/DateTimeFormatterBuilder$DateTimePrinterParser
java/time/format/DateTimeFormatterBuilder$NumberPrinterParser
java/time/format/DateTimeFormatterBuilder$CharLiteralPrinterParser
java/time/format/ResolverStyle
java/time/format/DateTimeFormatterBuilder$CompositePrinterParser
java/time/format/DecimalStyle
java/time/format/DateTimeFormatterBuilder$SettingsParser
java/time/format/DateTimeFormatterBuilder$OffsetIdPrinterParser
java/time/format/DateTimeFormatterBuilder$FractionPrinterParser
java/time/format/DateTimeFormatterBuilder$ZoneIdPrinterParser
java/time/format/DateTimeFormatterBuilder$StringLiteralPrinterParser
java/time/format/DateTimeFormatterBuilder$InstantPrinterParser
java/time/format/TextStyle
java/util/Collections$SingletonMap
java/time/format/DateTimeTextProvider$LocaleStore
java/util/AbstractMap$SimpleImmutableEntry
java/time/format/DateTimeTextProvider
java/time/format/DateTimeTextProvider$1
java/time/format/DateTimeFormatterBuilder$1
java/time/format/DateTimeFormatterBuilder$TextPrinterParser
java/time/chrono/ChronoPeriod
java/time/Period
java/time/format/DateTimeFormatterBuilder$LocalizedPrinterParser
java/time/OffsetTime
java/time/Year
java/time/Month
java/time/YearMonth
java/time/MonthDay
sun/reflect/generics/tree/CharSignature
sun/reflect/generics/tree/ArrayTypeSignature
java/net/UnknownHostException
java/net/InetAddress
sun/reflect/generics/tree/ByteSignature
java/util/function/BiPredicate
java/time/Clock
java/time/Clock$SystemClock
java/util/function/UnaryOperator
java/util/ConcurrentModificationException
java/lang/ProcessEnvironment$StringKeySet
java/lang/ProcessEnvironment$StringKeySet$1
java/lang/StringLatin1$CharsSpliterator
java/util/stream/IntPipeline$Head
java/util/stream/IntPipeline
java/util/stream/IntStream
java/util/function/IntPredicate
java/util/stream/MatchOps$MatchKind
java/util/stream/MatchOps
java/util/stream/MatchOps$MatchOp
java/util/stream/MatchOps$BooleanTerminalSink
java/util/stream/MatchOps$2MatchSink
java/util/stream/Sink$OfInt
java/util/function/IntConsumer
java/util/Random
java/beans/PropertyEditorSupport
java/beans/PropertyEditor
java/util/stream/StreamSpliterators$WrappingSpliterator
java/util/stream/StreamSpliterators$AbstractWrappingSpliterator
java/util/stream/SpinedBuffer
java/util/stream/AbstractSpinedBuffer
java/util/function/BooleanSupplier
java/util/stream/Collectors
java/util/stream/Collector$Characteristics
java/util/stream/Collector
java/util/stream/Collectors$CollectorImpl
java/lang/invoke/DirectMethodHandle$Interface
java/util/function/BiConsumer
java/util/function/BinaryOperator
java/util/stream/ReduceOps
java/util/stream/ReduceOps$ReduceOp
java/util/stream/ReduceOps$3
java/util/stream/ReduceOps$Box
java/util/stream/ReduceOps$AccumulatingSink
java/util/stream/ReduceOps$3ReducingSink
java/io/FileFilter
java/io/LineNumberReader
sun/nio/cs/ISO_8859_1$Decoder
java/util/LinkedList$LLSpliterator
java/util/stream/ForEachOps
java/util/stream/ForEachOps$ForEachOp$OfRef
java/util/stream/ForEachOps$ForEachOp
java/nio/file/attribute/PosixFilePermission
java/lang/management/ManagementFactory
java/lang/management/RuntimeMXBean
java/lang/management/PlatformManagedObject
java/lang/management/ManagementFactory$PlatformMBeanFinder
sun/management/spi/PlatformMBeanProvider
jdk/management/jfr/internal/FlightRecorderMXBeanProvider
java/util/concurrent/Callable
com/sun/management/internal/PlatformMBeanProviderImpl
com/sun/management/internal/PlatformMBeanProviderImpl$1
sun/management/spi/PlatformMBeanProvider$PlatformComponent
com/sun/management/internal/PlatformMBeanProviderImpl$2
com/sun/management/internal/PlatformMBeanProviderImpl$3
com/sun/management/internal/PlatformMBeanProviderImpl$4
com/sun/management/internal/DiagnosticCommandImpl
com/sun/management/DiagnosticCommandMBean
javax/management/DynamicMBean
sun/management/NotificationEmitterSupport
javax/management/NotificationEmitter
javax/management/NotificationBroadcaster
sun/management/ManagementFactoryHelper
sun/management/VMManagementImpl
sun/management/VMManagement
com/sun/management/internal/PlatformMBeanProviderImpl$5
java/lang/management/DefaultPlatformMBeanProvider
java/lang/management/DefaultPlatformMBeanProvider$1
java/lang/management/DefaultPlatformMBeanProvider$2
java/lang/management/DefaultPlatformMBeanProvider$3
java/lang/management/DefaultPlatformMBeanProvider$4
java/lang/management/DefaultPlatformMBeanProvider$5
java/lang/management/DefaultPlatformMBeanProvider$6
java/lang/management/DefaultPlatformMBeanProvider$7
java/lang/management/DefaultPlatformMBeanProvider$8
sun/management/ManagementFactoryHelper$LoggingMXBeanAccess
sun/management/ManagementFactoryHelper$LoggingMXBeanAccess$1
java/lang/management/DefaultPlatformMBeanProvider$9
java/lang/management/DefaultPlatformMBeanProvider$10
java/lang/management/DefaultPlatformMBeanProvider$11
jdk/management/jfr/FlightRecorderMXBean
jdk/management/jfr/internal/FlightRecorderMXBeanProvider$SingleMBeanComponent
java/util/Collections$2
java/util/HashMap$ValueSpliterator
java/util/HashMap$HashMapSpliterator
java/util/stream/ReduceOps$2
java/util/stream/ReduceOps$2ReducingSink
sun/management/RuntimeImpl
java/net/InetAddress$1
jdk/internal/misc/JavaNetInetAddressAccess
java/net/InetAddress$2
java/net/InetAddress$InetAddressHolder
java/util/SortedSet
java/util/NavigableSet
java/util/concurrent/ConcurrentSkipListSet
java/util/SortedMap
java/util/NavigableMap
java/util/concurrent/ConcurrentNavigableMap
java/util/concurrent/ConcurrentSkipListMap
java/util/concurrent/ConcurrentSkipListMap$Index
java/util/concurrent/atomic/Striped64
java/util/concurrent/atomic/LongAdder
java/util/concurrent/ConcurrentSkipListMap$Node
java/net/InetAddressImplFactory
java/net/InetAddressImpl
java/net/Inet6AddressImpl
java/net/InetAddress$NameService
java/net/InetAddress$PlatformNameService
java/util/concurrent/ConcurrentSkipListMap$KeySet
java/util/concurrent/ConcurrentSkipListMap$KeyIterator
java/util/concurrent/ConcurrentSkipListMap$Iter
java/net/InetAddress$NameServiceAddresses
java/net/InetAddress$Addresses
java/net/Inet4Address
java/net/Inet6Address
java/net/Inet6Address$Inet6AddressHolder
sun/net/InetAddressCachePolicy
sun/net/InetAddressCachePolicy$1
sun/net/InetAddressCachePolicy$2
java/net/InetAddress$CachedAddresses
java/util/concurrent/ThreadLocalRandom
java/lang/invoke/VarHandleLongs$FieldInstanceReadOnly
java/lang/invoke/VarHandleLongs$FieldInstanceReadWrite
java/util/concurrent/atomic/Striped64$1
java/net/InetAddress$CachedLocalHost
java/lang/invoke/BoundMethodHandle$Species_LLLLLLLLLI
java/lang/invoke/BoundMethodHandle$Species_LLLLLLLLLII
java/lang/invoke/BoundMethodHandle$Species_LLLLLLLLLIIL
java/util/ArrayList$SubList
java/util/regex/Pattern$Curly
java/util/regex/Pattern$Dollar
java/util/logging/Logger$SystemLoggerHelper
java/util/logging/Logger$SystemLoggerHelper$1
jdk/internal/logger/DefaultLoggerFinder$1
java/util/Stack
java/util/Vector$Itr
java/util/TreeSet
java/util/TreeMap
java/util/BitSet
java/io/Console
java/io/Console$2
jdk/internal/misc/JavaIOAccess
java/io/Console$3
java/io/PrintWriter
java/io/Console$LineReader
java/util/zip/ZipException
javax/xml/transform/TransformerException
javax/xml/transform/Result
java/io/StringReader
javax/xml/transform/Source
javax/xml/parsers/ParserConfigurationException
org/xml/sax/SAXException
org/w3c/dom/Node
javax/xml/stream/XMLStreamException
org/xml/sax/InputSource
sun/invoke/util/VerifyAccess$1
org/xml/sax/EntityResolver
javax/xml/stream/XMLResolver
javax/xml/transform/dom/DOMSource
javax/xml/transform/sax/SAXSource
javax/xml/transform/stax/StAXSource
javax/xml/transform/stream/StreamSource
javax/xml/transform/TransformerFactory
javax/xml/transform/FactoryFinder
jdk/xml/internal/SecuritySupport
java/io/NotSerializableException
java/io/ObjectStreamException
java/lang/invoke/BoundMethodHandle$Species_LI
javax/xml/transform/FactoryFinder$1
com/sun/org/apache/xalan/internal/xsltc/trax/TransformerFactoryImpl
com/sun/org/apache/xalan/internal/xsltc/compiler/SourceLoader
javax/xml/transform/ErrorListener
javax/xml/transform/sax/SAXTransformerFactory
javax/xml/catalog/CatalogFeatures
javax/xml/catalog/CatalogFeatures$Builder
jdk/xml/internal/JdkXmlUtils
javax/xml/catalog/CatalogFeatures$Feature
com/sun/org/apache/xerces/internal/jaxp/SAXParserFactoryImpl
javax/xml/parsers/SAXParserFactory
jdk/xml/internal/JdkXmlFeatures
jdk/xml/internal/JdkXmlFeatures$XmlFeature
jdk/xml/internal/JdkXmlFeatures$State
com/sun/org/apache/xalan/internal/utils/XMLSecurityPropertyManager
com/sun/org/apache/xalan/internal/utils/FeaturePropertyBase
com/sun/org/apache/xalan/internal/utils/FeaturePropertyBase$State
com/sun/org/apache/xalan/internal/utils/XMLSecurityPropertyManager$Property
com/sun/org/apache/xalan/internal/utils/XMLSecurityManager
com/sun/org/apache/xalan/internal/utils/XMLSecurityManager$Limit
com/sun/org/apache/xalan/internal/utils/XMLSecurityManager$State
com/sun/org/apache/xalan/internal/utils/XMLSecurityManager$NameMap
java/lang/CloneNotSupportedException
java/util/concurrent/CopyOnWriteArraySet
java/io/StringWriter
java/beans/Transient
java/beans/ConstructorProperties
java/text/DontCareFieldPosition
java/text/Format$FieldDelegate
java/text/DontCareFieldPosition$1
java/text/NumberFormat$Field
org/xml/sax/ErrorHandler
org/xml/sax/SAXParseException
jdk/internal/reflect/UnsafeFieldAccessorFactory
jdk/internal/reflect/UnsafeQualifiedStaticIntegerFieldAccessorImpl
jdk/internal/reflect/UnsafeQualifiedStaticFieldAccessorImpl
sun/text/resources/cldr/FormatData_en
java/io/CharArrayReader
java/io/CharConversionException
java/util/concurrent/atomic/AtomicReference
java/lang/annotation/Repeatable
jdk/internal/reflect/MethodAccessorGenerator
jdk/internal/reflect/AccessorGenerator
jdk/internal/reflect/ClassFileConstants
jdk/internal/reflect/ByteVectorFactory
jdk/internal/reflect/ByteVectorImpl
jdk/internal/reflect/ByteVector
jdk/internal/reflect/ClassFileAssembler
jdk/internal/reflect/UTF8
jdk/internal/reflect/Label
jdk/internal/reflect/Label$PatchInfo
jdk/internal/reflect/MethodAccessorGenerator$1
jdk/internal/reflect/ClassDefiner
jdk/internal/reflect/ClassDefiner$1
jdk/internal/reflect/BootstrapConstructorAccessorImpl
java/util/RegularEnumSet$EnumSetIterator
java/beans/Introspector
com/sun/beans/WeakCache
java/beans/EventSetDescriptor
java/beans/FeatureDescriptor
java/beans/Introspector$1
jdk/internal/misc/JavaBeansAccess
java/nio/file/FileSystemNotFoundException
java/sql/Timestamp
java/sql/Date
java/sql/Time
java/beans/IntrospectionException
java/beans/PropertyDescriptor
java/beans/BeanInfo
java/beans/IndexedPropertyDescriptor
java/beans/BeanDescriptor
com/sun/beans/finder/ClassFinder
java/beans/JavaBean
javax/swing/SwingContainer
com/sun/beans/introspect/ClassInfo
com/sun/beans/introspect/ClassInfo$1
com/sun/beans/util/Cache
com/sun/beans/util/Cache$Kind
com/sun/beans/util/Cache$Kind$1
com/sun/beans/util/Cache$Kind$2
com/sun/beans/util/Cache$Kind$3
com/sun/beans/util/Cache$CacheEntry
com/sun/beans/util/Cache$Kind$Soft
com/sun/beans/util/Cache$Ref
com/sun/beans/introspect/MethodInfo
com/sun/beans/introspect/MethodInfo$MethodOrder
java/beans/MethodDescriptor
java/beans/MethodRef
com/sun/beans/TypeResolver
sun/reflect/generics/scope/MethodScope
sun/reflect/generics/repository/MethodRepository
sun/reflect/generics/repository/ConstructorRepository
sun/reflect/generics/tree/MethodTypeSignature
com/sun/beans/introspect/EventSetInfo
java/util/TreeMap$Values
java/util/TreeMap$ValueIterator
java/util/TreeMap$PrivateEntryIterator
com/sun/beans/introspect/PropertyInfo
java/beans/PropertyVetoException
java/util/TreeMap$Entry
com/sun/beans/WildcardTypeImpl
java/beans/BeanProperty
jdk/internal/HotSpotIntrinsicCandidate
java/lang/module/ModuleDescriptor$Modifier
java/lang/module/ModuleDescriptor$Builder
jdk/internal/module/Checks
java/lang/WeakPairMap$Pair$Weak
java/lang/WeakPairMap$WeakRefPeer
java/lang/WeakPairMap$Pair$Weak$1
java/util/TreeMap$EntrySet
java/util/Collections$UnmodifiableMap$UnmodifiableEntrySet$1
java/util/TreeMap$EntryIterator
com/sun/beans/introspect/PropertyInfo$Name
java/beans/GenericBeanInfo
java/beans/SimpleBeanInfo
java/util/Hashtable$EntrySet
java/time/DateTimeException
java/util/function/ToLongFunction
java/util/function/ToIntFunction
java/net/SocketException
java/util/IdentityHashMap$KeyIterator
org/springframework/boot/loader/jar/JarFile$JarEntryEnumeration
java/util/regex/Pattern$LazyLoop
java/util/regex/Pattern$Loop
java/util/regex/Pattern$Prolog
javax/sql/DataSource
javax/sql/CommonDataSource
java/sql/Wrapper
javax/naming/ldap/LdapContext
javax/naming/directory/DirContext
java/util/HashMap$KeySpliterator
java/util/concurrent/ExecutionException
java/util/concurrent/FutureTask
java/util/concurrent/RunnableFuture
java/util/concurrent/Future
java/util/concurrent/FutureTask$WaitNode
java/lang/ClassFormatError
jdk/internal/org/objectweb/asm/ClassReader
java/util/DualPivotQuicksort
jdk/internal/reflect/UnsafeStaticObjectFieldAccessorImpl
javax/naming/NameNotFoundException
java/text/MessageFormat
java/nio/file/InvalidPathException
java/lang/UnsatisfiedLinkError
java/util/ResourceBundle$ResourceBundleControlProviderHolder
java/util/spi/ResourceBundleControlProvider
java/util/ServiceLoader$ProviderSpliterator
java/util/ResourceBundle$CacheKey
java/util/ResourceBundle$CacheKeyReference
java/util/ResourceBundle$KeyElementReference
java/util/ResourceBundle$Control$1
java/util/PropertyResourceBundle
sun/util/PropertyResourceBundleCharset
sun/util/PropertyResourceBundleCharset$PropertiesFileDecoder
java/util/ResourceBundle$BundleReference
java/lang/ClassLoaderHelper
java/util/stream/SortedOps
java/util/stream/SortedOps$OfRef
java/util/stream/ReferencePipeline$StatefulOp
java/util/stream/SortedOps$RefSortingSink
java/util/stream/SortedOps$AbstractRefSortingSink
javax/management/MBeanRegistration
java/lang/Class$EnclosingMethodInfo
java/lang/reflect/AnnotatedType
java/util/AbstractList$ListItr
java/util/AbstractList$Itr
sun/reflect/generics/tree/VoidDescriptor
javax/management/MalformedObjectNameException
javax/management/OperationsException
javax/management/JMException
javax/management/InstanceNotFoundException
javax/management/MBeanServer
javax/management/MBeanServerConnection
java/util/concurrent/locks/ReadWriteLock
javax/management/AttributeNotFoundException
javax/management/ReflectionException
javax/management/RuntimeOperationsException
javax/management/JMRuntimeException
javax/management/MBeanException
javax/management/ServiceNotFoundException
java/util/concurrent/locks/ReentrantReadWriteLock
java/util/concurrent/locks/ReentrantReadWriteLock$NonfairSync
java/util/concurrent/locks/ReentrantReadWriteLock$Sync
java/util/concurrent/locks/ReentrantReadWriteLock$Sync$ThreadLocalHoldCounter
java/util/concurrent/locks/ReentrantReadWriteLock$ReadLock
java/util/concurrent/locks/ReentrantReadWriteLock$WriteLock
javax/management/MBeanFeatureInfo
javax/management/DescriptorRead
javax/management/MBeanAttributeInfo
java/lang/reflect/InaccessibleObjectException
java/net/FileNameMap
java/net/ContentHandlerFactory
javax/net/ssl/SSLParameters
java/security/AlgorithmConstraints
javax/net/ssl/SSLEngine
javax/net/ssl/SSLEngineResult
javax/net/ssl/SSLException
javax/net/ssl/SSLSession
javax/net/ssl/SSLEngineResult$HandshakeStatus
java/io/File$TempDirectory
java/security/SecureRandom
sun/security/jca/Providers
java/lang/InheritableThreadLocal
sun/security/jca/ProviderList
sun/security/jca/ProviderConfig
java/security/Provider
sun/security/jca/ProviderList$3
sun/security/jca/ProviderList$1
java/security/Provider$ServiceKey
java/security/Provider$EngineDescription
jdk/internal/math/FloatingDecimal
jdk/internal/math/FloatingDecimal$ExceptionalBinaryToASCIIBuffer
jdk/internal/math/FloatingDecimal$BinaryToASCIIConverter
jdk/internal/math/FloatingDecimal$BinaryToASCIIBuffer
jdk/internal/math/FloatingDecimal$1
jdk/internal/math/FloatingDecimal$PreparedASCIIToBinaryBuffer
jdk/internal/math/FloatingDecimal$ASCIIToBinaryConverter
jdk/internal/math/FloatingDecimal$ASCIIToBinaryBuffer
sun/security/jca/ProviderList$2
sun/security/provider/Sun
sun/security/provider/SunEntries
sun/security/provider/SunEntries$1
sun/security/provider/NativePRNG
java/security/SecureRandomSpi
sun/security/provider/NativePRNG$Variant
sun/security/provider/NativePRNG$1
sun/security/provider/NativePRNG$2
sun/security/provider/NativePRNG$RandomIO
sun/security/provider/FileInputStreamPool
sun/security/provider/FileInputStreamPool$UnclosableInputStream
sun/security/provider/FileInputStreamPool$StreamRef
java/security/Provider$Service
java/security/Provider$UString
sun/security/provider/NativePRNG$Blocking
sun/security/provider/NativePRNG$NonBlocking
java/security/SecureRandomParameters
sun/security/provider/SecureRandom
java/security/MessageDigest
java/security/MessageDigestSpi
sun/security/jca/GetInstance
sun/security/provider/SHA
sun/security/provider/DigestBase
sun/security/jca/GetInstance$Instance
java/security/MessageDigest$Delegate
sun/security/util/MessageDigestSpi2
sun/security/provider/ByteArrayAccess
java/io/DeleteOnExitHook
java/io/DeleteOnExitHook$1
javax/management/MBeanRegistrationException
java/util/concurrent/RejectedExecutionException
java/net/SocketAddress
java/net/InetSocketAddress
java/util/concurrent/ScheduledExecutorService
java/nio/channels/NetworkChannel
java/net/SocketTimeoutException
java/io/InterruptedIOException
java/util/concurrent/ConcurrentLinkedQueue
java/util/concurrent/ConcurrentLinkedQueue$Node
javax/management/modelmbean/ModelMBeanNotificationBroadcaster
javax/management/RuntimeErrorException
javax/management/InvalidAttributeValueException
javax/management/Notification
javax/management/AttributeChangeNotification
javax/management/NotificationFilter
java/beans/PropertyChangeSupport
java/beans/PropertyChangeSupport$PropertyChangeListenerMap
java/beans/ChangeListenerMap
java/beans/PropertyChangeListener
java/beans/PropertyChangeEvent
javax/management/ObjectName
javax/management/QueryExp
java/nio/charset/CharacterCodingException
java/nio/BufferUnderflowException
java/security/NoSuchAlgorithmException
org/ietf/jgss/GSSException
javax/management/NotificationBroadcasterSupport
javax/management/NotificationBroadcasterSupport$1
javax/management/MBeanNotificationInfo
com/sun/jmx/remote/util/ClassLogger
jdk/internal/logger/LazyLoggers
jdk/internal/logger/LazyLoggers$1
jdk/internal/logger/LazyLoggers$LazyLoggerFactories
jdk/internal/logger/LoggerFinderLoader
sun/util/logging/internal/LoggingProviderImpl$JULWrapper
java/beans/PropertyChangeListenerProxy
java/util/EventListenerProxy
com/sun/jmx/mbeanserver/GetPropertyAction
javax/management/ObjectName$Property
com/sun/jmx/mbeanserver/Util
java/util/concurrent/ScheduledThreadPoolExecutor
java/util/concurrent/ThreadPoolExecutor
java/util/concurrent/AbstractExecutorService
java/util/concurrent/ThreadPoolExecutor$AbortPolicy
java/util/concurrent/RejectedExecutionHandler
java/util/concurrent/ScheduledThreadPoolExecutor$DelayedWorkQueue
java/util/concurrent/RunnableScheduledFuture
java/util/concurrent/ScheduledFuture
java/util/concurrent/Delayed
java/util/logging/LogRecord
sun/util/locale/provider/TimeZoneNameUtility
sun/util/locale/provider/TimeZoneNameUtility$TimeZoneNameGetter
sun/util/cldr/CLDRTimeZoneNameProviderImpl
sun/util/locale/provider/TimeZoneNameProviderImpl
sun/util/locale/provider/BaseLocaleDataMetaInfo
sun/util/resources/provider/NonBaseLocaleDataMetaInfo
sun/util/cldr/CLDRBaseLocaleDataMetaInfo$TZCanonicalIDMapHolder
sun/util/resources/cldr/TimeZoneNames
sun/util/resources/TimeZoneNamesBundle
sun/util/resources/OpenListResourceBundle
sun/util/resources/cldr/TimeZoneNames_en
java/util/jar/JarInputStream
java/util/zip/ZipInputStream
java/io/PushbackInputStream
sun/security/util/ManifestEntryVerifier
java/lang/instrument/IllegalClassFormatException
java/lang/UnsupportedClassVersionError
java/lang/instrument/ClassFileTransformer
javax/xml/parsers/DocumentBuilderFactory
org/xml/sax/ext/EntityResolver2
javax/security/auth/login/LoginException
java/security/NoSuchProviderException
java/io/ObjectInputStream
java/io/ObjectInput
java/io/ObjectStreamConstants
java/util/stream/SortedOps$SizedRefSortingSink
java/util/concurrent/TimeoutException
java/util/concurrent/ScheduledThreadPoolExecutor$ScheduledFutureTask
java/util/concurrent/Executors
java/util/concurrent/Executors$RunnableAdapter
java/util/concurrent/ThreadPoolExecutor$Worker
java/lang/Thread$State
java/util/concurrent/TimeUnit$1
jdk/internal/reflect/UnsafeObjectFieldAccessorImpl
sun/reflect/generics/scope/ConstructorScope
java/util/ArrayList$ListItr
java/util/concurrent/Flow$Publisher
java/util/EnumMap$EntrySet
java/util/EnumMap$EntryIterator
java/util/EnumMap$EnumMapIterator
java/lang/reflect/MalformedParametersException
java/nio/charset/UnsupportedCharsetException
java/util/stream/ReduceOps$5
java/util/stream/ReduceOps$CountingSink$OfRef
java/util/stream/ReduceOps$CountingSink
java/util/concurrent/ConcurrentLinkedDeque
java/util/concurrent/ConcurrentLinkedDeque$Node
java/nio/channels/ServerSocketChannel
java/nio/channels/spi/AbstractSelectableChannel
java/nio/channels/spi/SelectorProvider
java/nio/channels/spi/SelectorProvider$1
sun/nio/ch/DefaultSelectorProvider
sun/nio/ch/EPollSelectorProvider
sun/nio/ch/SelectorProviderImpl
sun/nio/ch/ServerSocketChannelImpl
sun/nio/ch/SelChImpl
sun/nio/ch/SocketDispatcher
sun/nio/ch/Net
sun/nio/ch/Net$1
java/net/ProtocolFamily
sun/net/ext/ExtendedSocketOptions
jdk/net/ExtendedSocketOptions
jdk/net/ExtendedSocketOptions$ExtSocketOption
java/net/SocketOption
jdk/net/SocketFlow
jdk/net/ExtendedSocketOptions$PlatformSocketOptions
jdk/net/ExtendedSocketOptions$PlatformSocketOptions$1
jdk/net/LinuxSocketOptions
jdk/net/ExtendedSocketOptions$1
sun/nio/ch/ServerSocketAdaptor
java/net/ServerSocket
java/net/ServerSocket$2
jdk/internal/misc/JavaNetSocketAccess
java/net/SocksSocketImpl
java/net/SocksConsts
java/net/PlainSocketImpl
java/net/AbstractPlainSocketImpl
java/net/SocketImpl
java/net/SocketOptions
java/net/StandardSocketOptions
java/net/StandardSocketOptions$StdSocketOption
java/net/NetworkInterface
java/net/AbstractPlainSocketImpl$1
java/net/InetSocketAddress$InetSocketAddressHolder
java/net/Inet4AddressImpl
sun/net/NetHooks
sun/net/sdp/SdpProvider
sun/net/NetHooks$Provider
java/net/StandardProtocolFamily
java/nio/channels/Selector
sun/nio/ch/EPollSelectorImpl
sun/nio/ch/SelectorImpl
java/nio/channels/spi/AbstractSelector
sun/nio/ch/Util$2
sun/nio/ch/EPoll
java/nio/channels/CancelledKeyException
java/nio/channels/spi/AbstractSelector$1
sun/nio/ch/Interruptible
java/nio/channels/spi/AbstractInterruptibleChannel$1
java/util/TreeMap$ValueSpliterator
java/util/TreeMap$TreeMapSpliterator
org/springframework/boot/loader/LaunchedURLClassLoader$DefinePackageCallType
java/util/AbstractMap$1$1
jdk/internal/math/FDBigInteger
jdk/internal/misc/Signal$1
java/util/Collections$ReverseComparator
java/net/NetworkInterface$1
java/net/InterfaceAddress
java/net/DefaultInterface
java/net/NetworkInterface$2
java/net/Socket
java/net/SocketCleanable
java/net/SocksSocketImpl$3
java/net/ProxySelector
sun/net/spi/DefaultProxySelector
java/net/Proxy
java/net/Proxy$Type
sun/net/spi/DefaultProxySelector$1
sun/net/NetProperties
sun/net/NetProperties$1
sun/nio/cs/ThreadLocalCoders
sun/nio/cs/ThreadLocalCoders$1
sun/nio/cs/ThreadLocalCoders$Cache
sun/nio/cs/ThreadLocalCoders$2
sun/net/spi/DefaultProxySelector$NonProxyInfo
sun/net/spi/DefaultProxySelector$4
sun/nio/ch/SocketChannelImpl
java/nio/channels/SocketChannel
java/sql/SQLException
java/sql/DriverManager
java/sql/SQLPermission
java/sql/DriverManager$1
java/sql/DriverManager$2
java/sql/Driver
java/beans/ThreadGroupContext
java/beans/ThreadGroupContext$1
java/beans/WeakIdentityMap
java/beans/WeakIdentityMap$Entry
java/util/WeakHashMap$KeyIterator
java/util/WeakHashMap$HashIterator
